<?xml version="1.0" encoding="UTF-8"?>
<!-- Generated by org.testng.reporters.JUnitReportReporter -->
<testsuite skipped="0" hostname="ZIVLPT243" name="com.bddrestapi.testcase.Demo_PUT_request" tests="1" failures="0" timestamp="23 Feb 2020 17:38:01 GMT" time="4.477" errors="0">
  <testcase name="updateEmployee" time="4.477" classname="com.bddrestapi.testcase.Demo_PUT_request"/>
</testsuite> <!-- com.bddrestapi.testcase.Demo_PUT_request -->
