<?xml version="1.0" encoding="UTF-8"?>
<!-- Generated by org.testng.reporters.JUnitReportReporter -->
<testsuite skipped="0" hostname="ZIVLPT243" name="com.bddrestapi.testcase.Demo1_GET_Request" tests="1" failures="0" timestamp="23 Feb 2020 14:04:05 GMT" time="5.521" errors="0">
  <testcase name="getWeatherDetail" time="5.521" classname="com.bddrestapi.testcase.Demo1_GET_Request"/>
</testsuite> <!-- com.bddrestapi.testcase.Demo1_GET_Request -->
