<?xml version="1.0" encoding="UTF-8"?>
<!-- Generated by org.testng.reporters.JUnitReportReporter -->
<testsuite skipped="0" hostname="ZIVLPT243" name="com.bddrestapi.testcase.Demo2_POST_Request" tests="1" failures="0" timestamp="23 Feb 2020 16:41:23 GMT" time="4.244" errors="0">
  <testcase name="createEmployee" time="4.244" classname="com.bddrestapi.testcase.Demo2_POST_Request"/>
</testsuite> <!-- com.bddrestapi.testcase.Demo2_POST_Request -->
